This is pdfTeX, Version 3.14159265-2.6-1.40.18 (MiKTeX 2.9.6500 64-bit) (preloaded format=pdflatex 2018.1.2)  3 DEC 2018 14:34
entering extended mode
**./TyphoonMachineLearning.tex
(TyphoonMachineLearning.tex
LaTeX2e <2017-04-15>
Babel <3.15> and hyphenation patterns for 75 language(s) loaded.
("C:\Program Files\MiKTeX 2.9\tex\latex\base\article.cls"
Document Class: article 2014/09/29 v1.4h Standard LaTeX document class
("C:\Program Files\MiKTeX 2.9\tex\latex\base\size12.clo"
File: size12.clo 2014/09/29 v1.4h Standard LaTeX file (size option)
)
\c@part=\count79
\c@section=\count80
\c@subsection=\count81
\c@subsubsection=\count82
\c@paragraph=\count83
\c@subparagraph=\count84
\c@figure=\count85
\c@table=\count86
\abovecaptionskip=\skip41
\belowcaptionskip=\skip42
\bibindent=\dimen102
)
("C:\Program Files\MiKTeX 2.9\tex\latex\graphics\graphicx.sty"
Package: graphicx 2017/06/01 v1.1a Enhanced LaTeX Graphics (DPC,SPQR)

("C:\Program Files\MiKTeX 2.9\tex\latex\graphics\keyval.sty"
Package: keyval 2014/10/28 v1.15 key=value parser (DPC)
\KV@toks@=\toks14
)
("C:\Program Files\MiKTeX 2.9\tex\latex\graphics\graphics.sty"
Package: graphics 2017/06/25 v1.2c Standard LaTeX Graphics (DPC,SPQR)

("C:\Program Files\MiKTeX 2.9\tex\latex\graphics\trig.sty"
Package: trig 2016/01/03 v1.10 sin cos tan (DPC)
)
("C:\Program Files\MiKTeX 2.9\tex\latex\graphics-cfg\graphics.cfg"
File: graphics.cfg 2016/06/04 v1.11 sample graphics configuration
)
Package graphics Info: Driver file: pdftex.def on input line 99.

("C:\Program Files\MiKTeX 2.9\tex\latex\graphics-def\pdftex.def"
File: pdftex.def 2017/06/24 v1.0g Graphics/color driver for pdftex
))
\Gin@req@height=\dimen103
\Gin@req@width=\dimen104
)
("C:\Program Files\MiKTeX 2.9\tex\latex\amsmath\amsmath.sty"
Package: amsmath 2017/09/02 v2.17a AMS math features
\@mathmargin=\skip43

For additional information on amsmath, use the `?' option.
("C:\Program Files\MiKTeX 2.9\tex\latex\amsmath\amstext.sty"
Package: amstext 2000/06/29 v2.01 AMS text

("C:\Program Files\MiKTeX 2.9\tex\latex\amsmath\amsgen.sty"
File: amsgen.sty 1999/11/30 v2.0 generic functions
\@emptytoks=\toks15
\ex@=\dimen105
))
("C:\Program Files\MiKTeX 2.9\tex\latex\amsmath\amsbsy.sty"
Package: amsbsy 1999/11/29 v1.2d Bold Symbols
\pmbraise@=\dimen106
)
("C:\Program Files\MiKTeX 2.9\tex\latex\amsmath\amsopn.sty"
Package: amsopn 2016/03/08 v2.02 operator names
)
\inf@bad=\count87
LaTeX Info: Redefining \frac on input line 213.
\uproot@=\count88
\leftroot@=\count89
LaTeX Info: Redefining \overline on input line 375.
\classnum@=\count90
\DOTSCASE@=\count91
LaTeX Info: Redefining \ldots on input line 472.
LaTeX Info: Redefining \dots on input line 475.
LaTeX Info: Redefining \cdots on input line 596.
\Mathstrutbox@=\box26
\strutbox@=\box27
\big@size=\dimen107
LaTeX Font Info:    Redeclaring font encoding OML on input line 712.
LaTeX Font Info:    Redeclaring font encoding OMS on input line 713.
\macc@depth=\count92
\c@MaxMatrixCols=\count93
\dotsspace@=\muskip10
\c@parentequation=\count94
\dspbrk@lvl=\count95
\tag@help=\toks16
\row@=\count96
\column@=\count97
\maxfields@=\count98
\andhelp@=\toks17
\eqnshift@=\dimen108
\alignsep@=\dimen109
\tagshift@=\dimen110
\tagwidth@=\dimen111
\totwidth@=\dimen112
\lineht@=\dimen113
\@envbody=\toks18
\multlinegap=\skip44
\multlinetaggap=\skip45
\mathdisplay@stack=\toks19
LaTeX Info: Redefining \[ on input line 2817.
LaTeX Info: Redefining \] on input line 2818.
)
("C:\Program Files\MiKTeX 2.9\tex\latex\amsfonts\amsfonts.sty"
Package: amsfonts 2013/01/14 v3.01 Basic AMSFonts support
\symAMSa=\mathgroup4
\symAMSb=\mathgroup5
LaTeX Font Info:    Overwriting math alphabet `\mathfrak' in version `bold'
(Font)                  U/euf/m/n --> U/euf/b/n on input line 106.
)
(C:\Users\pisihara\AppData\Roaming\MiKTeX\2.9\tex\latex\caption\caption.sty
Package: caption 2016/02/21 v3.3-144 Customizing captions (AR)

(C:\Users\pisihara\AppData\Roaming\MiKTeX\2.9\tex\latex\caption\caption3.sty
Package: caption3 2016/05/22 v1.7-166 caption3 kernel (AR)
Package caption3 Info: TeX engine: e-TeX on input line 67.
\captionmargin=\dimen114
\captionmargin@=\dimen115
\captionwidth=\dimen116
\caption@tempdima=\dimen117
\caption@indent=\dimen118
\caption@parindent=\dimen119
\caption@hangindent=\dimen120
)
\c@ContinuedFloat=\count99
)
(C:\Users\pisihara\AppData\Roaming\MiKTeX\2.9\tex\latex\subfigure\subfigure.sty
Package: subfigure 2002/07/30 v2.1.4 subfigure package
\subfigtopskip=\skip46
\subfigcapskip=\skip47
\subfigcaptopadj=\dimen121
\subfigbottomskip=\skip48
\subfigcapmargin=\dimen122
\subfiglabelskip=\skip49
\c@subfigure=\count100
\c@lofdepth=\count101
\c@subtable=\count102
\c@lotdepth=\count103
****************************************
* Local config file subfigure.cfg used *
****************************************

(C:\Users\pisihara\AppData\Roaming\MiKTeX\2.9\tex\latex\subfigure\subfigure.cfg
)
\subfig@top=\skip50
\subfig@bottom=\skip51
) (C:\Users\pisihara\AppData\Roaming\MiKTeX\2.9\tex\latex\secdot\secdot.sty
Package: secdot 2000/06/20 v1.0 section numbers with dots
)
(C:\Users\pisihara\AppData\Roaming\MiKTeX\2.9\tex\latex\titlesec\titlesec.sty
Package: titlesec 2016/03/21 v2.10.2 Sectioning titles
\ttl@box=\box28
\beforetitleunit=\skip52
\aftertitleunit=\skip53
\ttl@plus=\dimen123
\ttl@minus=\dimen124
\ttl@toksa=\toks20
\titlewidth=\dimen125
\titlewidthlast=\dimen126
\titlewidthfirst=\dimen127
)
(C:\Users\pisihara\AppData\Roaming\MiKTeX\2.9\tex\latex\lineno\lineno.sty
Package: lineno 2005/11/02 line numbers on paragraphs v4.41
\linenopenalty=\count104
\output=\toks21
\linenoprevgraf=\count105
\linenumbersep=\dimen128
\linenumberwidth=\dimen129
\c@linenumber=\count106
\c@pagewiselinenumber=\count107
\c@LN@truepage=\count108
\c@internallinenumber=\count109
\c@internallinenumbers=\count110
\quotelinenumbersep=\dimen130
\bframerule=\dimen131
\bframesep=\dimen132
\bframebox=\box29
LaTeX Info: Redefining \\ on input line 3056.
)
("C:\Program Files\MiKTeX 2.9\tex\latex\psnfss\helvet.sty"
Package: helvet 2005/04/12 PSNFSS-v9.2a (WaS) 
)
("C:\Program Files\MiKTeX 2.9\tex\latex\graphics\rotating.sty"
Package: rotating 2016/08/11 v2.16d rotated objects in LaTeX

("C:\Program Files\MiKTeX 2.9\tex\latex\base\ifthen.sty"
Package: ifthen 2014/09/29 v1.1c Standard LaTeX ifthen package (DPC)
)
\c@r@tfl@t=\count111
\rotFPtop=\skip54
\rotFPbot=\skip55
\rot@float@box=\box30
\rot@mess@toks=\toks22
)
("C:\Program Files\MiKTeX 2.9\tex\latex\tools\tabularx.sty"
Package: tabularx 2016/02/03 v2.11 `tabularx' package (DPC)

("C:\Program Files\MiKTeX 2.9\tex\latex\tools\array.sty"
Package: array 2016/10/06 v2.4d Tabular extension package (FMi)
\col@sep=\dimen133
\extrarowheight=\dimen134
\NC@list=\toks23
\extratabsurround=\skip56
\backup@length=\skip57
)
\TX@col@width=\dimen135
\TX@old@table=\dimen136
\TX@old@col=\dimen137
\TX@target=\dimen138
\TX@delta=\dimen139
\TX@cols=\count112
\TX@ftn=\toks24
)
(TyphoonMachineLearning.aux

LaTeX Warning: Label `fig3' multiply defined.

)
\openout1 = `TyphoonMachineLearning.aux'.

LaTeX Font Info:    Checking defaults for OML/cmm/m/it on input line 34.
LaTeX Font Info:    ... okay on input line 34.
LaTeX Font Info:    Checking defaults for T1/cmr/m/n on input line 34.
LaTeX Font Info:    ... okay on input line 34.
LaTeX Font Info:    Checking defaults for OT1/cmr/m/n on input line 34.
LaTeX Font Info:    ... okay on input line 34.
LaTeX Font Info:    Checking defaults for OMS/cmsy/m/n on input line 34.
LaTeX Font Info:    ... okay on input line 34.
LaTeX Font Info:    Checking defaults for OMX/cmex/m/n on input line 34.
LaTeX Font Info:    ... okay on input line 34.
LaTeX Font Info:    Checking defaults for U/cmr/m/n on input line 34.
LaTeX Font Info:    ... okay on input line 34.
LaTeX Font Info:    Try loading font information for OT1+phv on input line 34.
 ("C:\Program Files\MiKTeX 2.9\tex\latex\psnfss\ot1phv.fd"
File: ot1phv.fd 2001/06/04 scalable font definitions for OT1/phv.
)
(C:\Users\pisihara\AppData\Roaming\MiKTeX\2.9\tex\context\base\supp-pdf.mkii
[Loading MPS to PDF converter (version 2006.09.02).]
\scratchcounter=\count113
\scratchdimen=\dimen140
\scratchbox=\box31
\nofMPsegments=\count114
\nofMParguments=\count115
\everyMPshowfont=\toks25
\MPscratchCnt=\count116
\MPscratchDim=\dimen141
\MPnumerator=\count117
\makeMPintoPDFobject=\count118
\everyMPtoPDFconversion=\toks26
) ("C:\Program Files\MiKTeX 2.9\tex\latex\oberdiek\epstopdf-base.sty"
Package: epstopdf-base 2016/05/15 v2.6 Base part for package epstopdf

("C:\Program Files\MiKTeX 2.9\tex\generic\oberdiek\infwarerr.sty"
Package: infwarerr 2016/05/16 v1.4 Providing info/warning/error messages (HO)
)
("C:\Program Files\MiKTeX 2.9\tex\latex\oberdiek\grfext.sty"
Package: grfext 2016/05/16 v1.2 Manage graphics extensions (HO)

("C:\Program Files\MiKTeX 2.9\tex\generic\oberdiek\kvdefinekeys.sty"
Package: kvdefinekeys 2016/05/16 v1.4 Define keys (HO)

("C:\Program Files\MiKTeX 2.9\tex\generic\oberdiek\ltxcmds.sty"
Package: ltxcmds 2016/05/16 v1.23 LaTeX kernel commands for general use (HO)
)))
("C:\Program Files\MiKTeX 2.9\tex\latex\oberdiek\kvoptions.sty"
Package: kvoptions 2016/05/16 v3.12 Key value format for package options (HO)

("C:\Program Files\MiKTeX 2.9\tex\generic\oberdiek\kvsetkeys.sty"
Package: kvsetkeys 2016/05/16 v1.17 Key value parser (HO)

("C:\Program Files\MiKTeX 2.9\tex\generic\oberdiek\etexcmds.sty"
Package: etexcmds 2016/05/16 v1.6 Avoid name clashes with e-TeX commands (HO)

("C:\Program Files\MiKTeX 2.9\tex\generic\oberdiek\ifluatex.sty"
Package: ifluatex 2016/05/16 v1.4 Provides the ifluatex switch (HO)
Package ifluatex Info: LuaTeX not detected.
)
Package etexcmds Info: Could not find \expanded.
(etexcmds)             That can mean that you are not using pdfTeX 1.50 or
(etexcmds)             that some package has redefined \expanded.
(etexcmds)             In the latter case, load this package earlier.
)))
("C:\Program Files\MiKTeX 2.9\tex\generic\oberdiek\pdftexcmds.sty"
Package: pdftexcmds 2017/03/19 v0.25 Utility functions of pdfTeX for LuaTeX (HO
)

("C:\Program Files\MiKTeX 2.9\tex\generic\oberdiek\ifpdf.sty"
Package: ifpdf 2017/03/15 v3.2 Provides the ifpdf switch
)
Package pdftexcmds Info: LuaTeX not detected.
Package pdftexcmds Info: \pdf@primitive is available.
Package pdftexcmds Info: \pdf@ifprimitive is available.
Package pdftexcmds Info: \pdfdraftmode found.
)
Package epstopdf-base Info: Redefining graphics rule for `.eps' on input line 4
38.
Package grfext Info: Graphics extension search list:
(grfext)             [.pdf,.png,.jpg,.mps,.jpeg,.jbig2,.jb2,.PDF,.PNG,.JPG,.JPE
G,.JBIG2,.JB2,.eps]
(grfext)             \AppendGraphicsExtensions on input line 456.
)
Package caption Info: Begin \AtBeginDocument code.
Package caption Info: rotating package is loaded.
Package caption Info: subfigure package is loaded.
Package caption Info: End \AtBeginDocument code.
LaTeX Font Info:    Font shape `OT1/phv/bx/n' in size <20.74> not available
(Font)              Font shape `OT1/phv/b/n' tried instead on input line 36.
LaTeX Font Info:    Try loading font information for U+msa on input line 36.

("C:\Program Files\MiKTeX 2.9\tex\latex\amsfonts\umsa.fd"
File: umsa.fd 2013/01/14 v3.01 AMS symbols A
)
LaTeX Font Info:    Try loading font information for U+msb on input line 36.

("C:\Program Files\MiKTeX 2.9\tex\latex\amsfonts\umsb.fd"
File: umsb.fd 2013/01/14 v3.01 AMS symbols B
)
LaTeX Font Info:    Font shape `OT1/phv/bx/n' in size <14.4> not available
(Font)              Font shape `OT1/phv/b/n' tried instead on input line 36.
LaTeX Font Info:    Try loading font information for OMS+phv on input line 36.

("C:\Program Files\MiKTeX 2.9\tex\latex\psnfss\omsphv.fd"
File: omsphv.fd 
)
LaTeX Font Info:    Font shape `OMS/phv/m/n' in size <10> not available
(Font)              Font shape `OMS/cmsy/m/n' tried instead on input line 36.
LaTeX Font Info:    Font shape `OT1/phv/m/it' in size <14.4> not available
(Font)              Font shape `OT1/phv/m/sl' tried instead on input line 36.

Overfull \hbox (99.75008pt too wide) in paragraph at lines 36--36
 [][] 
 []

LaTeX Font Info:    Font shape `OMS/phv/m/n' in size <7> not available
(Font)              Font shape `OMS/cmsy/m/n' tried instead on input line 36.
[1

{C:/Users/pisihara/AppData/Local/MiKTeX/2.9/pdftex/config/pdftex.map}]
LaTeX Font Info:    Font shape `OT1/phv/bx/n' in size <10.95> not available
(Font)              Font shape `OT1/phv/b/n' tried instead on input line 45.

[1]
LaTeX Font Info:    Font shape `OT1/phv/bx/n' in size <17.28> not available
(Font)              Font shape `OT1/phv/b/n' tried instead on input line 56.
 [2]
Overfull \hbox (39.549pt too wide) in paragraph at lines 61--62
\OT1/phv/m/n/10.95 http://www.jma.go.jp/ jma/jma-eng/ jma-center/ rsmc-hp-pub-e
g/trackarchives.html.
 []

LaTeX Font Info:    Font shape `OT1/phv/m/it' in size <10.95> not available
(Font)              Font shape `OT1/phv/m/sl' tried instead on input line 66.
[3] [4] [5]
Overfull \hbox (2.60341pt too wide) in paragraph at lines 80--80
[][] 
 []


Overfull \hbox (2.60341pt too wide) in paragraph at lines 81--81
[][] 
 []


LaTeX Warning: Marginpar on page 6 moved.

[6]
Overfull \hbox (10.1396pt too wide) in paragraph at lines 88--88
[][] 
 []


Overfull \hbox (10.1396pt too wide) in paragraph at lines 97--97
[][] 
 []

[7]
Overfull \hbox (15.81544pt too wide) in paragraph at lines 120--120
[][] 
 []


Overfull \hbox (10.1396pt too wide) in paragraph at lines 121--121
[][] 
 []


LaTeX Warning: Marginpar on page 8 moved.

[8]
Overfull \hbox (15.81544pt too wide) in paragraph at lines 131--131
[][] 
 []

[9]
Overfull \hbox (15.81544pt too wide) in paragraph at lines 136--136
[][] 
 []

[10]
Overfull \hbox (10.1396pt too wide) in paragraph at lines 144--144
[][] 
 []

[11]
Overfull \hbox (10.1396pt too wide) in paragraph at lines 155--155
[][] 
 []


Overfull \hbox (10.1396pt too wide) in paragraph at lines 160--160
[][] 
 []

[12] [13]
Overfull \hbox (4.25868pt too wide) in paragraph at lines 199--200
[]\OT1/phv/m/n/10.95 Cap, F. 2006: \OT1/phv/m/sl/10.95 Tsunamis and Hur-ri-cane
s: A Math-e-mat-i-cal Ap-proach. \OT1/phv/m/n/10.95 Springer-
 []

[14]
Overfull \hbox (10.81715pt too wide) in paragraph at lines 217--218
\OT1/phv/m/n/10.95 Book/2014/individual-articles/06[]Higaki[]Masakazu[]WGNE[]BB
2014[]TEPS
 []


Overfull \hbox (9.79813pt too wide) in paragraph at lines 225--226
\OT1/phv/m/sl/10.95 Typhoon Cen-ter 2009\OT1/phv/m/n/10.95 . http://www.jma.go.
jp/jma/jma-eng/jma-center/rsmc-
 []


Overfull \hbox (9.79813pt too wide) in paragraph at lines 227--228
\OT1/phv/m/sl/10.95 Typhoon Cen-ter 2010\OT1/phv/m/n/10.95 . http://www.jma.go.
jp/jma/jma-eng/jma-center/rsmc-
 []


Overfull \hbox (9.79813pt too wide) in paragraph at lines 229--230
\OT1/phv/m/sl/10.95 Typhoon Cen-ter 2011\OT1/phv/m/n/10.95 . http://www.jma.go.
jp/jma/jma-eng/jma-center/rsmc-
 []


Overfull \hbox (9.79813pt too wide) in paragraph at lines 231--232
\OT1/phv/m/sl/10.95 Typhoon Cen-ter 2012\OT1/phv/m/n/10.95 . http://www.jma.go.
jp/jma/jma-eng/jma-center/rsmc-
 []

[15]
Overfull \hbox (9.79813pt too wide) in paragraph at lines 233--234
\OT1/phv/m/sl/10.95 Typhoon Cen-ter 2013\OT1/phv/m/n/10.95 . http://www.jma.go.
jp/jma/jma-eng/jma-center/rsmc-
 []


Overfull \hbox (9.79813pt too wide) in paragraph at lines 235--236
\OT1/phv/m/sl/10.95 Typhoon Cen-ter 2014\OT1/phv/m/n/10.95 . http://www.jma.go.
jp/jma/jma-eng/jma-center/rsmc-
 []

[16]
Overfull \hbox (8.40141pt too wide) in paragraph at lines 258--259
[]\OT1/phv/m/n/10.95 Meng, Z. and F. Zhang, 2007: Tests of an en-sem-ble Kalman
 fil-ter for mesoscale
 []


Overfull \hbox (6.39401pt too wide) in paragraph at lines 260--261
[]\OT1/phv/m/n/10.95 National Hur-ri-cane Cen-ter, 2009. NHC Track and In-ten-s
ity Mod-els. http://www.
 []

Missing character: There is no ï in font phvr7t!
Missing character: There is no ¿ in font phvr7t!
Missing character: There is no ½ in font phvr7t!
[17] [18]
LaTeX Font Info:    Font shape `OT1/phv/bx/n' in size <12> not available
(Font)              Font shape `OT1/phv/b/n' tried instead on input line 289.

Underfull \hbox (badness 1874) in paragraph at lines 290--290
\OT1/phv/m/n/12 points col-ored by recorded best track wind speeds (in
 []


Underfull \hbox (badness 2181) in paragraph at lines 290--290
\OT1/phv/m/n/12 a-rated by 6 hour in-ter-vals form a ``fun-nel" which nar-
 []


Underfull \hbox (badness 1803) in paragraph at lines 290--290
\OT1/phv/m/n/12 rows with in-creased wind speeds and de-creased pres-
 []


Overfull \hbox (0.83792pt too wide) in paragraph at lines 290--290
\OT1/phv/m/n/12 sures..........................................................
...............................| 
 []


Underfull \hbox (badness 10000) in paragraph at lines 291--291
[]|\OT1/phv/m/n/12 Violent points of 2009-2012 ty-phoons (shown in
 []


Underfull \hbox (badness 10000) in paragraph at lines 291--291
\OT1/phv/m/n/12 bold) are con-fined to a rect-an-gle [122$[]$E,145$[]$E] x
 []


Overfull \hbox (2.23854pt too wide) in paragraph at lines 291--291
\OT1/phv/m/n/12 [12.5$[]$N,20$[]$N]............................................
................................| 
 []


Underfull \hbox (badness 10000) in paragraph at lines 292--292
[]|\OT1/phv/m/n/12 Distance used to com-pute the er-
 []


Underfull \hbox (badness 10000) in paragraph at lines 292--292
\OT1/phv/m/n/12 ror in a pre-dicted most vi-o-lent point
 []


Underfull \hbox (badness 10000) in paragraph at lines 293--293
\OT1/phv/m/n/12 [6.7$[]$N,14.3$[]$N]; MVP Win-dow: [123.3$[]$E,145.0$[]$E]x
 []


Overfull \hbox (1.5596pt too wide) in paragraph at lines 293--293
\OT1/phv/m/n/12 [13.6$[]$N,19.2$[]$N]..........................................
...............................| 
 []


Underfull \hbox (badness 10000) in paragraph at lines 294--294
[]|\OT1/phv/m/n/12 Monte Carlo sim-u-la-tion of the 2013 av-er-
 []


Underfull \hbox (badness 10000) in paragraph at lines 294--294
\OT1/phv/m/n/12 age pre-dicted MVP po-si-tion er-rors (n=1000)
 []


Overfull \hbox (5.03677pt too wide) in paragraph at lines 294--294
\OT1/phv/m/n/12 ...............................................................
....................................| 
 []


Overfull \hbox (17.9325pt too wide) in paragraph at lines 288--296
[][] 
 []

Package epstopdf Info: Source file: <violentfig1a.eps>
(epstopdf)                    date: 2018-12-03 12:18:58
(epstopdf)                    size: 149223 bytes
(epstopdf)             Output file: <violentfig1a-eps-converted-to.pdf>
(epstopdf)                    date: 2018-12-03 14:34:10
(epstopdf)                    size: 56607 bytes
(epstopdf)             Command: <epstopdf --outfile=violentfig1a-eps-converted-
to.pdf violentfig1a.eps>
(epstopdf)             \includegraphics on input line 301.
Package epstopdf Info: Output file is already uptodate.
<violentfig1a-eps-converted-to.pdf, id=72, pagebox=cropbox, 705.63625pt x 1253.
68375pt>
File: violentfig1a-eps-converted-to.pdf Graphic file (type pdf)
<use violentfig1a-eps-converted-to.pdf>
Package pdftex.def Info: violentfig1a-eps-converted-to.pdf  used on input line 
301. on input line 301.
Package pdftex.def Info: Requested size: 415.55731pt x 361.33994pt on input lin
e 301.

LaTeX Warning: `h' float specifier changed to `ht'.

Package epstopdf Info: Source file: <violentfig1.eps>
(epstopdf)                    date: 2018-12-03 12:18:58
(epstopdf)                    size: 34559 bytes
(epstopdf)             Output file: <violentfig1-eps-converted-to.pdf>
(epstopdf)                    date: 2018-12-03 14:34:12
(epstopdf)                    size: 34394 bytes
(epstopdf)             Command: <epstopdf --outfile=violentfig1-eps-converted-t
o.pdf violentfig1.eps>
(epstopdf)             \includegraphics on input line 310.
Package epstopdf Info: Output file is already uptodate.
<violentfig1-eps-converted-to.pdf, id=73, pagebox=cropbox, 844.15375pt x 598.23
5pt>
File: violentfig1-eps-converted-to.pdf Graphic file (type pdf)
<use violentfig1-eps-converted-to.pdf>
Package pdftex.def Info: violentfig1-eps-converted-to.pdf  used on input line 3
10. on input line 310.
Package pdftex.def Info: Requested size: 433.62985pt x 289.08473pt on input lin
e 310.

Overfull \hbox (18.07736pt too wide) in paragraph at lines 310--311
 [][] 
 []


LaTeX Warning: `h' float specifier changed to `ht'.

Package epstopdf Info: Source file: <violentfig2.eps>
(epstopdf)                    date: 2018-12-03 12:18:58
(epstopdf)                    size: 38056 bytes
(epstopdf)             Output file: <violentfig2-eps-converted-to.pdf>
(epstopdf)                    date: 2018-12-03 14:34:13
(epstopdf)                    size: 15860 bytes
(epstopdf)             Command: <epstopdf --outfile=violentfig2-eps-converted-t
o.pdf violentfig2.eps>
(epstopdf)             \includegraphics on input line 321.
Package epstopdf Info: Output file is already uptodate.
<violentfig2-eps-converted-to.pdf, id=74, pagebox=cropbox, 303.1325pt x 154.577
5pt>
File: violentfig2-eps-converted-to.pdf Graphic file (type pdf)
<use violentfig2-eps-converted-to.pdf>
Package pdftex.def Info: violentfig2-eps-converted-to.pdf  used on input line 3
21. on input line 321.
Package pdftex.def Info: Requested size: 216.8121pt x 126.47603pt on input line
 321.
Package epstopdf Info: Source file: <violentfig3.eps>
(epstopdf)                    date: 2018-12-03 12:18:58
(epstopdf)                    size: 71647 bytes
(epstopdf)             Output file: <violentfig3-eps-converted-to.pdf>
(epstopdf)                    date: 2018-12-03 14:34:15
(epstopdf)                    size: 34077 bytes
(epstopdf)             Command: <epstopdf --outfile=violentfig3-eps-converted-t
o.pdf violentfig3.eps>
(epstopdf)             \includegraphics on input line 331.
Package epstopdf Info: Output file is already uptodate.
<violentfig3-eps-converted-to.pdf, id=75, pagebox=cropbox, 850.17625pt x 592.21
25pt>
File: violentfig3-eps-converted-to.pdf Graphic file (type pdf)
<use violentfig3-eps-converted-to.pdf>
Package pdftex.def Info: violentfig3-eps-converted-to.pdf  used on input line 3
31. on input line 331.
Package pdftex.def Info: Requested size: 397.48132pt x 271.0204pt on input line
 331.

LaTeX Warning: Float too large for page by 78.9404pt on input line 335.

Package epstopdf Info: Source file: <violentfig4.eps>
(epstopdf)                    date: 2018-12-03 12:18:59
(epstopdf)                    size: 43439 bytes
(epstopdf)             Output file: <violentfig4-eps-converted-to.pdf>
(epstopdf)                    date: 2018-12-03 14:34:17
(epstopdf)                    size: 19067 bytes
(epstopdf)             Command: <epstopdf --outfile=violentfig4-eps-converted-t
o.pdf violentfig4.eps>
(epstopdf)             \includegraphics on input line 342.
Package epstopdf Info: Output file is already uptodate.
<violentfig4-eps-converted-to.pdf, id=76, pagebox=cropbox, 847.165pt x 602.25pt
>
File: violentfig4-eps-converted-to.pdf Graphic file (type pdf)
<use violentfig4-eps-converted-to.pdf>
Package pdftex.def Info: violentfig4-eps-converted-to.pdf  used on input line 3
42. on input line 342.
Package pdftex.def Info: Requested size: 397.48248pt x 271.01918pt on input lin
e 342.

LaTeX Warning: Float too large for page by 49.93918pt on input line 346.


LaTeX Warning: Float too large for page by 67.16995pt on input line 425.


LaTeX Warning: `h' float specifier changed to `ht'.


LaTeX Warning: Float too large for page by 50.7799pt on input line 453.


Overfull \hbox (1.69801pt too wide) in paragraph at lines 466--466
[]|\OT1/phv/m/n/6 Storm
 []


Overfull \hbox (1.54808pt too wide) in paragraph at lines 466--466
\OT1/phv/m/n/6 Name| 
 []


Underfull \hbox (badness 10000) in paragraph at lines 466--466
[]|\OT1/phv/m/n/6 Time
 []


Underfull \hbox (badness 10000) in paragraph at lines 466--466
[]|\OT1/phv/m/n/6 Lat
 []


Underfull \hbox (badness 10000) in paragraph at lines 466--466
[]|\OT1/phv/m/n/6 Lon
 []


Underfull \hbox (badness 10000) in paragraph at lines 466--466
[]|\OT1/phv/m/n/6 Pres
 []


Underfull \hbox (badness 10000) in paragraph at lines 466--466
[]|\OT1/phv/m/n/6 Wind
 []


Overfull \hbox (2.892pt too wide) in paragraph at lines 466--466
\OT1/phv/m/n/6 Speed
 []


Overfull \hbox (3.88202pt too wide) in paragraph at lines 466--466
\OT1/phv/m/n/6 (knots)| 
 []

LaTeX Font Info:    Font shape `OT1/phv/bx/n' in size <6> not available
(Font)              Font shape `OT1/phv/b/n' tried instead on input line 472.

Overfull \hbox (0.55798pt too wide) in paragraph at lines 472--472
[]|\OT1/phv/m/n/6 821.1
 []


Overfull \hbox (8.38792pt too wide) in paragraph at lines 472--472
\OT1/phv/m/n/6 (\OT1/phv/b/n/6 p\OT1/phv/m/n/6 =.155)| 
 []


Overfull \hbox (1.69801pt too wide) in paragraph at lines 476--476
[]|\OT1/phv/m/n/6 Storm
 []


Overfull \hbox (1.54808pt too wide) in paragraph at lines 476--476
\OT1/phv/m/n/6 Name| 
 []


Overfull \hbox (0.55798pt too wide) in paragraph at lines 487--487
[]|\OT1/phv/m/n/6 681.0
 []


Overfull \hbox (5.05197pt too wide) in paragraph at lines 487--487
\OT1/phv/m/n/6 (\OT1/phv/b/n/6 p\OT1/phv/m/n/6 =.57)| 
 []


Overfull \hbox (63.5165pt too wide) in paragraph at lines 460--489
 [] 
 []


Overfull \hbox (5.31172pt too wide) in paragraph at lines 505--505
[]|\OT1/phv/m/n/6 Storm
 []


Overfull \hbox (5.16179pt too wide) in paragraph at lines 505--505
\OT1/phv/m/n/6 Name| 
 []


Underfull \hbox (badness 10000) in paragraph at lines 505--505
[]|\OT1/phv/m/n/6 Time
 []


Underfull \hbox (badness 10000) in paragraph at lines 505--505
[]|\OT1/phv/m/n/6 Lat
 []


Underfull \hbox (badness 10000) in paragraph at lines 505--505
[]|\OT1/phv/m/n/6 Lon
 []


Underfull \hbox (badness 10000) in paragraph at lines 505--505
[]|\OT1/phv/m/n/6 Pres
 []


Underfull \hbox (badness 10000) in paragraph at lines 505--505
[]|\OT1/phv/m/n/6 Wind
 []


Overfull \hbox (2.892pt too wide) in paragraph at lines 505--505
\OT1/phv/m/n/6 Speed
 []


Overfull \hbox (3.88202pt too wide) in paragraph at lines 505--505
\OT1/phv/m/n/6 (knots)| 
 []


Overfull \hbox (0.55798pt too wide) in paragraph at lines 511--511
[]|\OT1/phv/m/n/6 608.6
 []


Overfull \hbox (8.38792pt too wide) in paragraph at lines 511--511
\OT1/phv/m/n/6 (\OT1/phv/b/n/6 p\OT1/phv/m/n/6 =.008)| 
 []


Overfull \hbox (5.31172pt too wide) in paragraph at lines 515--515
[]|\OT1/phv/m/n/6 Storm
 []


Overfull \hbox (5.16179pt too wide) in paragraph at lines 515--515
\OT1/phv/m/n/6 Name| 
 []


Overfull \hbox (3.89394pt too wide) in paragraph at lines 526--526
[]|\OT1/phv/m/n/6 1007.2
 []


Overfull \hbox (8.38792pt too wide) in paragraph at lines 526--526
\OT1/phv/m/n/6 (\OT1/phv/b/n/6 p\OT1/phv/m/n/6 =.886)| 
 []


Overfull \hbox (64.31645pt too wide) in paragraph at lines 498--528
 [] 
 []

LaTeX Font Info:    Font shape `OT1/phv/bx/n' in size <8> not available
(Font)              Font shape `OT1/phv/b/n' tried instead on input line 546.

LaTeX Font Warning: Command \scriptsize invalid in math mode on input line 574.



LaTeX Font Warning: Command \scriptsize invalid in math mode on input line 574.



LaTeX Font Warning: Command \scriptsize invalid in math mode on input line 574.


[19] [20 <./violentfig1a-eps-converted-to.pdf>] [21 <./violentfig1-eps-converte
d-to.pdf>] [22 <./violentfig2-eps-converted-to.pdf>] [23 <./violentfig3-eps-con
verted-to.pdf>] [24 <./violentfig4-eps-converted-to.pdf>] [25] [26] [27]
[28] [29] [30] [31] (TyphoonMachineLearning.aux)

LaTeX Warning: There were multiply-defined labels.

 )
(\end occurred inside a group at level 1)

### simple group (level 1) entered at line 45 ({)
### bottom level 
Here is how much of TeX's memory you used:
 4185 strings out of 493312
 62634 string characters out of 3138891
 181064 words of memory out of 3000000
 7639 multiletter control sequences out of 15000+200000
 42203 words of font info for 90 fonts, out of 3000000 for 9000
 1141 hyphenation exceptions out of 8191
 41i,16n,39p,1766b,469s stack positions out of 5000i,500n,10000p,200000b,50000s
{C:/Program Files/MiKTeX 2.9/fonts/enc/dvips/base/8r.enc}<C:/Pr
ogram Files/MiKTeX 2.9/fonts/type1/public/amsfonts/cm/cmbx10.pfb><C:/Program Fi
les/MiKTeX 2.9/fonts/type1/public/amsfonts/cm/cmmi10.pfb><C:/Program Files/MiKT
eX 2.9/fonts/type1/public/amsfonts/cm/cmmi12.pfb><C:/Program Files/MiKTeX 2.9/f
onts/type1/public/amsfonts/cm/cmmi5.pfb><C:/Program Files/MiKTeX 2.9/fonts/type
1/public/amsfonts/cm/cmmi8.pfb><C:/Program Files/MiKTeX 2.9/fonts/type1/public/
amsfonts/cm/cmr10.pfb><C:/Program Files/MiKTeX 2.9/fonts/type1/public/amsfonts/
cm/cmr6.pfb><C:/Program Files/MiKTeX 2.9/fonts/type1/public/amsfonts/cm/cmr8.pf
b><C:/Program Files/MiKTeX 2.9/fonts/type1/public/amsfonts/cm/cmsy10.pfb><C:/Pr
ogram Files/MiKTeX 2.9/fonts/type1/public/amsfonts/cm/cmsy6.pfb><C:/Program Fil
es/MiKTeX 2.9/fonts/type1/public/amsfonts/cm/cmsy7.pfb><C:/Program Files/MiKTeX
 2.9/fonts/type1/urw/helvetic/uhvb8a.pfb><C:/Program Files/MiKTeX 2.9/fonts/typ
e1/urw/helvetic/uhvr8a.pfb><C:/Program Files/MiKTeX 2.9/fonts/type1/urw/helveti
c/uhvro8a.pfb>
Output written on TyphoonMachineLearning.pdf (32 pages, 343889 bytes).
PDF statistics:
 197 PDF objects out of 1000 (max. 8388607)
 0 named destinations out of 1000 (max. 500000)
 26 words of extra memory for PDF output out of 10000 (max. 10000000)

